-------------------------------------------
Batch: 0
-------------------------------------------
+--------------------+---------+
|               email|birthYear|
+--------------------+---------+
|blackmoon8668@gma...|     2022|
| John.Jones@test.com|     1965|
|Jerry.Anderson@te...|     1964|
|  John.Huey@test.com|     1963|
|Bobby.Jefferson@t...|     1962|
|Craig.Jones@test.com|     1961|
|   Angie.Wu@test.com|     1960|
|Christina.Aristot...|     1959|
| Eric.Doshi@test.com|     1958|
|Christina.Huey@te...|     1957|
|Bobby.Habschied@t...|     1956|
|Danny.Smith@test.com|     1955|
|Jacob.Fibonnaci@t...|     1954|
|Travis.Fibonnaci@...|     1953|
| Bobby.Huey@test.com|     1952|
|Bobby.Gonzalez@te...|     1951|
|Travis.Ahmed@test...|     1950|
|Frank.Habschied@t...|     1949|
|  Dan.Jones@test.com|     1948|
|Santosh.Anderson@...|     1947|
+--------------------+---------+
only showing top 20 rows

-------------------------------------------
Batch: 1
-------------------------------------------
+-----+---------+
|email|birthYear|
+-----+---------+
+-----+---------+

-------------------------------------------
Batch: 2
-------------------------------------------
+-----+---------+
|email|birthYear|
+-----+---------+
+-----+---------+

-------------------------------------------
Batch: 3
-------------------------------------------
+-----+---------+
|email|birthYear|
+-----+---------+
+-----+---------+

-------------------------------------------
Batch: 4
-------------------------------------------
+-----+---------+
|email|birthYear|
+-----+---------+
+-----+---------+

-------------------------------------------
Batch: 5
-------------------------------------------
+-----+---------+
|email|birthYear|
+-----+---------+
+-----+---------+

-------------------------------------------
Batch: 6
-------------------------------------------
+-----+---------+
|email|birthYear|
+-----+---------+
+-----+---------+

-------------------------------------------
Batch: 7
-------------------------------------------
+-----+---------+
|email|birthYear|
+-----+---------+
+-----+---------+

-------------------------------------------
Batch: 8
-------------------------------------------
+-----+---------+
|email|birthYear|
+-----+---------+
+-----+---------+

