Spark Command: /usr/lib/jvm/java-8-openjdk-amd64/jre/bin/java -cp /opt/spark-2.3.4-bin-hadoop2.7/conf/:/opt/spark-2.3.4-bin-hadoop2.7/jars/* -Xmx1g org.apache.spark.deploy.worker.Worker --webui-port 8081 spark://12f63f6f05a3:7077
========================================
2022-05-22 12:05:39 INFO  Worker:2612 - Started daemon with process name: 148@12f63f6f05a3
2022-05-22 12:05:39 INFO  SignalUtils:54 - Registered signal handler for TERM
2022-05-22 12:05:39 INFO  SignalUtils:54 - Registered signal handler for HUP
2022-05-22 12:05:39 INFO  SignalUtils:54 - Registered signal handler for INT
2022-05-22 12:05:40 WARN  NativeCodeLoader:62 - Unable to load native-hadoop library for your platform... using builtin-java classes where applicable
2022-05-22 12:05:40 INFO  SecurityManager:54 - Changing view acls to: root
2022-05-22 12:05:40 INFO  SecurityManager:54 - Changing modify acls to: root
2022-05-22 12:05:40 INFO  SecurityManager:54 - Changing view acls groups to: 
2022-05-22 12:05:40 INFO  SecurityManager:54 - Changing modify acls groups to: 
2022-05-22 12:05:40 INFO  SecurityManager:54 - SecurityManager: authentication disabled; ui acls disabled; users  with view permissions: Set(root); groups with view permissions: Set(); users  with modify permissions: Set(root); groups with modify permissions: Set()
2022-05-22 12:05:41 INFO  Utils:54 - Successfully started service 'sparkWorker' on port 35655.
2022-05-22 12:05:41 INFO  Worker:54 - Starting Spark worker 172.18.0.2:35655 with 2 cores, 6.3 GB RAM
2022-05-22 12:05:41 INFO  Worker:54 - Running Spark version 2.3.4
2022-05-22 12:05:41 INFO  Worker:54 - Spark home: /opt/spark-2.3.4-bin-hadoop2.7
2022-05-22 12:05:41 INFO  log:192 - Logging initialized @3799ms
2022-05-22 12:05:42 INFO  Server:351 - jetty-9.3.z-SNAPSHOT, build timestamp: unknown, git hash: unknown
2022-05-22 12:05:42 INFO  Server:419 - Started @3924ms
2022-05-22 12:05:42 INFO  AbstractConnector:278 - Started ServerConnector@57bac26b{HTTP/1.1,[http/1.1]}{0.0.0.0:8081}
2022-05-22 12:05:42 INFO  Utils:54 - Successfully started service 'WorkerUI' on port 8081.
2022-05-22 12:05:42 INFO  ContextHandler:781 - Started o.s.j.s.ServletContextHandler@922ff0b{/logPage,null,AVAILABLE,@Spark}
2022-05-22 12:05:42 INFO  ContextHandler:781 - Started o.s.j.s.ServletContextHandler@32b08064{/logPage/json,null,AVAILABLE,@Spark}
2022-05-22 12:05:42 INFO  ContextHandler:781 - Started o.s.j.s.ServletContextHandler@63f62f06{/,null,AVAILABLE,@Spark}
2022-05-22 12:05:42 INFO  ContextHandler:781 - Started o.s.j.s.ServletContextHandler@e63635d{/json,null,AVAILABLE,@Spark}
2022-05-22 12:05:42 INFO  ContextHandler:781 - Started o.s.j.s.ServletContextHandler@38e66155{/static,null,AVAILABLE,@Spark}
2022-05-22 12:05:42 INFO  ContextHandler:781 - Started o.s.j.s.ServletContextHandler@55082661{/log,null,AVAILABLE,@Spark}
2022-05-22 12:05:42 INFO  WorkerWebUI:54 - Bound WorkerWebUI to 0.0.0.0, and started at http://12f63f6f05a3:8081
2022-05-22 12:05:42 INFO  Worker:54 - Connecting to master 12f63f6f05a3:7077...
2022-05-22 12:05:42 INFO  ContextHandler:781 - Started o.s.j.s.ServletContextHandler@40caeb14{/metrics/json,null,AVAILABLE,@Spark}
2022-05-22 12:05:42 INFO  TransportClientFactory:267 - Successfully created connection to 12f63f6f05a3/172.18.0.2:7077 after 154 ms (0 ms spent in bootstraps)
2022-05-22 12:05:42 INFO  Worker:54 - Successfully registered with master spark://12f63f6f05a3:7077
